# JRE version: OpenJDK Runtime Environment (8.0_212-b04) (build 1.8.0_212-release-1586-b04)
# Java VM: OpenJDK 64-Bit Server VM (25.212-b04 mixed mode windows-amd64 compressed oops)
Heap:
 PSYoungGen      total 198144K, used 197889K [0x00000000e0000000, 0x00000000ef680000, 0x0000000100000000)
  eden space 187392K, 100% used [0x00000000e0000000,0x00000000eb700000,0x00000000eb700000)
  from space 10752K, 97% used [0x00000000eec00000,0x00000000ef640570,0x00000000ef680000)
  to   space 25600K, 30% used [0x00000000ec480000,0x00000000ecc1a368,0x00000000edd80000)
 ParOldGen       total 224256K, used 52960K [0x00000000a0000000, 0x00000000adb00000, 0x00000000e0000000)
  object space 224256K, 23% used [0x00000000a0000000,0x00000000a33b8170,0x00000000adb00000)
 Metaspace       used 76592K, capacity 80452K, committed 80472K, reserved 1118208K
  class space    used 10059K, capacity 10829K, committed 10840K, reserved 1048576K
GC Heap History (10 events):
Event: 7.533 GC heap after
Heap after GC invocations=11 (full 2):
 PSYoungGen      total 195584K, used 14333K [0x00000000e0000000, 0x00000000ee300000, 0x0000000100000000)
  eden space 181248K, 0% used [0x00000000e0000000,0x00000000e0000000,0x00000000eb100000)
  from space 14336K, 99% used [0x00000000eb100000,0x00000000ebeff790,0x00000000ebf00000)
  to   space 19456K, 0% used [0x00000000ed000000,0x00000000ed000000,0x00000000ee300000)
 ParOldGen       total 145408K, used 27711K [0x00000000a0000000, 0x00000000a8e00000, 0x00000000e0000000)
  object space 145408K, 19% used [0x00000000a0000000,0x00000000a1b0fe00,0x00000000a8e00000)
 Metaspace       used 57049K, capacity 59004K, committed 59096K, reserved 1099776K
  class space    used 7901K, capacity 8361K, committed 8408K, reserved 1048576K
}
Event: 7.533 GC heap before
{Heap before GC invocations=12 (full 3):
 PSYoungGen      total 195584K, used 14333K [0x00000000e0000000, 0x00000000ee300000, 0x0000000100000000)
  eden space 181248K, 0% used [0x00000000e0000000,0x00000000e0000000,0x00000000eb100000)
  from space 14336K, 99% used [0x00000000eb100000,0x00000000ebeff790,0x00000000ebf00000)
  to   space 19456K, 0% used [0x00000000ed000000,0x00000000ed000000,0x00000000ee300000)
 ParOldGen       total 145408K, used 27711K [0x00000000a0000000, 0x00000000a8e00000, 0x00000000e0000000)
  object space 145408K, 19% used [0x00000000a0000000,0x00000000a1b0fe00,0x00000000a8e00000)
 Metaspace       used 57049K, capacity 59004K, committed 59096K, reserved 1099776K
  class space    used 7901K, capacity 8361K, committed 8408K, reserved 1048576K
Event: 7.746 GC heap after
Heap after GC invocations=12 (full 3):
 PSYoungGen      total 195584K, used 0K [0x00000000e0000000, 0x00000000ee300000, 0x0000000100000000)
  eden space 181248K, 0% used [0x00000000e0000000,0x00000000e0000000,0x00000000eb100000)
  from space 14336K, 0% used [0x00000000eb100000,0x00000000eb100000,0x00000000ebf00000)
  to   space 19456K, 0% used [0x00000000ed000000,0x00000000ed000000,0x00000000ee300000)
 ParOldGen       total 224256K, used 37517K [0x00000000a0000000, 0x00000000adb00000, 0x00000000e0000000)
  object space 224256K, 16% used [0x00000000a0000000,0x00000000a24a3760,0x00000000adb00000)
 Metaspace       used 56937K, capacity 58692K, committed 59096K, reserved 1099776K
  class space    used 7867K, capacity 8301K, committed 8408K, reserved 1048576K
}
Event: 9.994 GC heap before
{Heap before GC invocations=13 (full 3):
 PSYoungGen      total 195584K, used 181248K [0x00000000e0000000, 0x00000000ee300000, 0x0000000100000000)
  eden space 181248K, 100% used [0x00000000e0000000,0x00000000eb100000,0x00000000eb100000)
  from space 14336K, 0% used [0x00000000eb100000,0x00000000eb100000,0x00000000ebf00000)
  to   space 19456K, 0% used [0x00000000ed000000,0x00000000ed000000,0x00000000ee300000)
 ParOldGen       total 224256K, used 37517K [0x00000000a0000000, 0x00000000adb00000, 0x00000000e0000000)
  object space 224256K, 16% used [0x00000000a0000000,0x00000000a24a3760,0x00000000adb00000)
 Metaspace       used 63204K, capacity 65762K, committed 65880K, reserved 1105920K
  class space    used 8686K, capacity 9234K, committed 9304K, reserved 1048576K
Event: 10.007 GC heap after
Heap after GC invocations=13 (full 3):
 PSYoungGen      total 211456K, used 17230K [0x00000000e0000000, 0x00000000ef500000, 0x0000000100000000)
  eden space 192000K, 0% used [0x00000000e0000000,0x00000000e0000000,0x00000000ebb80000)
  from space 19456K, 88% used [0x00000000ed000000,0x00000000ee0d3b80,0x00000000ee300000)
  to   space 20992K, 0% used [0x00000000ebb80000,0x00000000ebb80000,0x00000000ed000000)
 ParOldGen       total 224256K, used 37525K [0x00000000a0000000, 0x00000000adb00000, 0x00000000e0000000)
  object space 224256K, 16% used [0x00000000a0000000,0x00000000a24a5760,0x00000000adb00000)
 Metaspace       used 63204K, capacity 65762K, committed 65880K, reserved 1105920K
  class space    used 8686K, capacity 9234K, committed 9304K, reserved 1048576K
}
Event: 314.786 GC heap before
{Heap before GC invocations=14 (full 3):
 PSYoungGen      total 211456K, used 209085K [0x00000000e0000000, 0x00000000ef500000, 0x0000000100000000)
  eden space 192000K, 99% used [0x00000000e0000000,0x00000000ebb5ba10,0x00000000ebb80000)
  from space 19456K, 88% used [0x00000000ed000000,0x00000000ee0d3b80,0x00000000ee300000)
  to   space 20992K, 0% used [0x00000000ebb80000,0x00000000ebb80000,0x00000000ed000000)
 ParOldGen       total 224256K, used 37525K [0x00000000a0000000, 0x00000000adb00000, 0x00000000e0000000)
  object space 224256K, 16% used [0x00000000a0000000,0x00000000a24a5760,0x00000000adb00000)
 Metaspace       used 70497K, capacity 73448K, committed 73560K, reserved 1112064K
  class space    used 9464K, capacity 10053K, committed 10072K, reserved 1048576K
Event: 314.806 GC heap after
Heap after GC invocations=14 (full 3):
 PSYoungGen      total 212992K, used 20979K [0x00000000e0000000, 0x00000000f0580000, 0x0000000100000000)
  eden space 192000K, 0% used [0x00000000e0000000,0x00000000e0000000,0x00000000ebb80000)
  from space 20992K, 99% used [0x00000000ebb80000,0x00000000ecffcc80,0x00000000ed000000)
  to   space 26112K, 0% used [0x00000000eec00000,0x00000000eec00000,0x00000000f0580000)
 ParOldGen       total 224256K, used 44418K [0x00000000a0000000, 0x00000000adb00000, 0x00000000e0000000)
  object space 224256K, 19% used [0x00000000a0000000,0x00000000a2b60b60,0x00000000adb00000)
 Metaspace       used 70497K, capacity 73448K, committed 73560K, reserved 1112064K
  class space    used 9464K, capacity 10053K, committed 10072K, reserved 1048576K
}
Event: 885.873 GC heap before
{Heap before GC invocations=15 (full 3):
 PSYoungGen      total 212992K, used 212979K [0x00000000e0000000, 0x00000000f0580000, 0x0000000100000000)
  eden space 192000K, 100% used [0x00000000e0000000,0x00000000ebb80000,0x00000000ebb80000)
  from space 20992K, 99% used [0x00000000ebb80000,0x00000000ecffcc80,0x00000000ed000000)
  to   space 26112K, 0% used [0x00000000eec00000,0x00000000eec00000,0x00000000f0580000)
 ParOldGen       total 224256K, used 44418K [0x00000000a0000000, 0x00000000adb00000, 0x00000000e0000000)
  object space 224256K, 19% used [0x00000000a0000000,0x00000000a2b60b60,0x00000000adb00000)
 Metaspace       used 71620K, capacity 74912K, committed 74968K, reserved 1114112K
  class space    used 9519K, capacity 10179K, committed 10200K, reserved 1048576K
Event: 885.885 GC heap after
Heap after GC invocations=15 (full 3):
 PSYoungGen      total 198144K, used 10497K [0x00000000e0000000, 0x00000000ef680000, 0x0000000100000000)
  eden space 187392K, 0% used [0x00000000e0000000,0x00000000e0000000,0x00000000eb700000)
  from space 10752K, 97% used [0x00000000eec00000,0x00000000ef640570,0x00000000ef680000)
  to   space 25600K, 0% used [0x00000000ec480000,0x00000000ec480000,0x00000000edd80000)
 ParOldGen       total 224256K, used 52952K [0x00000000a0000000, 0x00000000adb00000, 0x00000000e0000000)
  object space 224256K, 23% used [0x00000000a0000000,0x00000000a33b6170,0x00000000adb00000)
 Metaspace       used 71620K, capacity 74912K, committed 74968K, reserved 1114112K
  class space    used 9519K, capacity 10179K, committed 10200K, reserved 1048576K
}
Event: 2010.574 GC heap before
{Heap before GC invocations=16 (full 3):
 PSYoungGen      total 198144K, used 197889K [0x00000000e0000000, 0x00000000ef680000, 0x0000000100000000)
  eden space 187392K, 100% used [0x00000000e0000000,0x00000000eb700000,0x00000000eb700000)
  from space 10752K, 97% used [0x00000000eec00000,0x00000000ef640570,0x00000000ef680000)
  to   space 25600K, 0% used [0x00000000ec480000,0x00000000ec480000,0x00000000edd80000)
 ParOldGen       total 224256K, used 52952K [0x00000000a0000000, 0x00000000adb00000, 0x00000000e0000000)
  object space 224256K, 23% used [0x00000000a0000000,0x00000000a33b6170,0x00000000adb00000)
 Metaspace       used 76592K, capacity 80452K, committed 80472K, reserved 1118208K
  class space    used 10059K, capacity 10829K, committed 10840K, reserved 1048576K

